2025-01-11T18:22:06.955+02:00  INFO 24648 --- [Parc] [main] com.example.Parc.ParcApplication         : Starting ParcApplication using Java 23.0.1 with PID 24648 (C:\Users\claud\Desktop\Parc\target\classes started by claud in C:\Users\claud\Desktop\Parc)
2025-01-11T18:22:06.958+02:00  INFO 24648 --- [Parc] [main] com.example.Parc.ParcApplication         : No active profile set, falling back to 1 default profile: "default"
2025-01-11T18:22:07.579+02:00  INFO 24648 --- [Parc] [main] .s.d.r.c.RepositoryConfigurationDelegate : Bootstrapping Spring Data JPA repositories in DEFAULT mode.
2025-01-11T18:22:07.634+02:00  INFO 24648 --- [Parc] [main] .s.d.r.c.RepositoryConfigurationDelegate : Finished Spring Data repository scanning in 48 ms. Found 3 JPA repository interfaces.
2025-01-11T18:22:08.130+02:00  INFO 24648 --- [Parc] [main] o.s.b.w.embedded.tomcat.TomcatWebServer  : Tomcat initialized with port 8080 (http)
2025-01-11T18:22:08.145+02:00  INFO 24648 --- [Parc] [main] o.apache.catalina.core.StandardService   : Starting service [Tomcat]
2025-01-11T18:22:08.145+02:00  INFO 24648 --- [Parc] [main] o.apache.catalina.core.StandardEngine    : Starting Servlet engine: [Apache Tomcat/10.1.34]
2025-01-11T18:22:08.193+02:00  INFO 24648 --- [Parc] [main] o.a.c.c.C.[Tomcat].[localhost].[/]       : Initializing Spring embedded WebApplicationContext
2025-01-11T18:22:08.193+02:00  INFO 24648 --- [Parc] [main] w.s.c.ServletWebServerApplicationContext : Root WebApplicationContext: initialization completed in 1182 ms
2025-01-11T18:22:08.357+02:00  INFO 24648 --- [Parc] [main] o.hibernate.jpa.internal.util.LogHelper  : HHH000204: Processing PersistenceUnitInfo [name: default]
2025-01-11T18:22:08.437+02:00  INFO 24648 --- [Parc] [main] org.hibernate.Version                    : HHH000412: Hibernate ORM core version 6.6.4.Final
2025-01-11T18:22:08.483+02:00  INFO 24648 --- [Parc] [main] o.h.c.internal.RegionFactoryInitiator    : HHH000026: Second-level cache disabled
2025-01-11T18:22:08.767+02:00  INFO 24648 --- [Parc] [main] o.s.o.j.p.SpringPersistenceUnitInfo      : No LoadTimeWeaver setup: ignoring JPA class transformer
2025-01-11T18:22:08.807+02:00  INFO 24648 --- [Parc] [main] com.zaxxer.hikari.HikariDataSource       : HikariPool-1 - Starting...
2025-01-11T18:22:08.937+02:00  INFO 24648 --- [Parc] [main] com.zaxxer.hikari.pool.HikariPool        : HikariPool-1 - Added connection com.mysql.cj.jdbc.ConnectionImpl@455f4483
2025-01-11T18:22:08.939+02:00  INFO 24648 --- [Parc] [main] com.zaxxer.hikari.HikariDataSource       : HikariPool-1 - Start completed.
2025-01-11T18:22:08.972+02:00  WARN 24648 --- [Parc] [main] org.hibernate.dialect.Dialect            : HHH000511: The 5.5.5 version for [org.hibernate.dialect.MySQLDialect] is no longer supported, hence certain features may not work properly. The minimum supported version is 8.0.0. Check the community dialects project for available legacy versions.
2025-01-11T18:22:08.993+02:00  INFO 24648 --- [Parc] [main] org.hibernate.orm.connections.pooling    : HHH10001005: Database info:
	Database JDBC URL [Connecting through datasource 'HikariDataSource (HikariPool-1)']
	Database driver: undefined/unknown
	Database version: 5.5.5
	Autocommit mode: undefined/unknown
	Isolation level: undefined/unknown
	Minimum pool size: undefined/unknown
	Maximum pool size: undefined/unknown
2025-01-11T18:22:09.544+02:00  INFO 24648 --- [Parc] [main] o.h.e.t.j.p.i.JtaPlatformInitiator       : HHH000489: No JTA platform available (set 'hibernate.transaction.jta.platform' to enable JTA platform integration)
2025-01-11T18:22:09.626+02:00  INFO 24648 --- [Parc] [main] j.LocalContainerEntityManagerFactoryBean : Initialized JPA EntityManagerFactory for persistence unit 'default'
2025-01-11T18:22:09.924+02:00  WARN 24648 --- [Parc] [main] JpaBaseConfiguration$JpaWebConfiguration : spring.jpa.open-in-view is enabled by default. Therefore, database queries may be performed during view rendering. Explicitly configure spring.jpa.open-in-view to disable this warning
2025-01-11T18:22:09.949+02:00  INFO 24648 --- [Parc] [main] o.s.b.a.w.s.WelcomePageHandlerMapping    : Adding welcome page template: index
2025-01-11T18:22:10.403+02:00  INFO 24648 --- [Parc] [main] o.s.b.w.embedded.tomcat.TomcatWebServer  : Tomcat started on port 8080 (http) with context path '/'
2025-01-11T18:22:10.411+02:00  INFO 24648 --- [Parc] [main] com.example.Parc.ParcApplication         : Started ParcApplication in 3.873 seconds (process running for 4.178)
2025-01-11T18:22:15.061+02:00  INFO 24648 --- [Parc] [http-nio-8080-exec-1] o.a.c.c.C.[Tomcat].[localhost].[/]       : Initializing Spring DispatcherServlet 'dispatcherServlet'
2025-01-11T18:22:15.061+02:00  INFO 24648 --- [Parc] [http-nio-8080-exec-1] o.s.web.servlet.DispatcherServlet        : Initializing Servlet 'dispatcherServlet'
2025-01-11T18:22:15.062+02:00  INFO 24648 --- [Parc] [http-nio-8080-exec-1] o.s.web.servlet.DispatcherServlet        : Completed initialization in 1 ms
2025-01-11T18:23:32.755+02:00  INFO 24648 --- [Parc] [SpringApplicationShutdownHook] o.s.b.w.e.tomcat.GracefulShutdown        : Commencing graceful shutdown. Waiting for active requests to complete
2025-01-11T18:23:32.758+02:00  INFO 24648 --- [Parc] [tomcat-shutdown] o.s.b.w.e.tomcat.GracefulShutdown        : Graceful shutdown complete
2025-01-11T18:23:32.761+02:00  INFO 24648 --- [Parc] [SpringApplicationShutdownHook] j.LocalContainerEntityManagerFactoryBean : Closing JPA EntityManagerFactory for persistence unit 'default'
2025-01-11T18:23:32.762+02:00  INFO 24648 --- [Parc] [SpringApplicationShutdownHook] com.zaxxer.hikari.HikariDataSource       : HikariPool-1 - Shutdown initiated...
2025-01-11T18:23:32.766+02:00  INFO 24648 --- [Parc] [SpringApplicationShutdownHook] com.zaxxer.hikari.HikariDataSource       : HikariPool-1 - Shutdown completed.
